# JRE version: OpenJDK Runtime Environment (8.0_152-b01) (build 1.8.0_152-release-915-b01)
# Java VM: OpenJDK 64-Bit Server VM (25.152-b01 mixed mode windows-amd64 compressed oops)
Heap:
 PSYoungGen      total 282112K, used 187208K [0x00000000e0000000, 0x00000000f6680000, 0x0000000100000000)
  eden space 254464K, 62% used [0x00000000e0000000,0x00000000e9bd8828,0x00000000ef880000)
  from space 27648K, 99% used [0x00000000ef880000,0x00000000f1379918,0x00000000f1380000)
  to   space 36864K, 0% used [0x00000000f4280000,0x00000000f4280000,0x00000000f6680000)
 ParOldGen       total 164864K, used 64636K [0x00000000a0000000, 0x00000000aa100000, 0x00000000e0000000)
  object space 164864K, 39% used [0x00000000a0000000,0x00000000a3f1f2a8,0x00000000aa100000)
 Metaspace       used 82191K, capacity 86602K, committed 86784K, reserved 1124352K
  class space    used 10657K, capacity 11675K, committed 11776K, reserved 1048576K
GC Heap History (10 events):
Event: 22.661 GC heap before
{Heap before GC invocations=14 (full 3):
 PSYoungGen      total 204288K, used 20464K [0x00000000e0000000, 0x00000000f2280000, 0x0000000100000000)
  eden space 183808K, 0% used [0x00000000e0000000,0x00000000e0000000,0x00000000eb380000)
  from space 20480K, 99% used [0x00000000eb380000,0x00000000ec77c240,0x00000000ec780000)
  to   space 28160K, 0% used [0x00000000f0700000,0x00000000f0700000,0x00000000f2280000)
 ParOldGen       total 97792K, used 41337K [0x00000000a0000000, 0x00000000a5f80000, 0x00000000e0000000)
  object space 97792K, 42% used [0x00000000a0000000,0x00000000a285e6e0,0x00000000a5f80000)
 Metaspace       used 56819K, capacity 58950K, committed 59028K, reserved 1099776K
  class space    used 7819K, capacity 8416K, committed 8448K, reserved 1048576K
Event: 23.165 GC heap after
Heap after GC invocations=14 (full 3):
 PSYoungGen      total 204288K, used 0K [0x00000000e0000000, 0x00000000f2280000, 0x0000000100000000)
  eden space 183808K, 0% used [0x00000000e0000000,0x00000000e0000000,0x00000000eb380000)
  from space 20480K, 0% used [0x00000000eb380000,0x00000000eb380000,0x00000000ec780000)
  to   space 28160K, 0% used [0x00000000f0700000,0x00000000f0700000,0x00000000f2280000)
 ParOldGen       total 164864K, used 49407K [0x00000000a0000000, 0x00000000aa100000, 0x00000000e0000000)
  object space 164864K, 29% used [0x00000000a0000000,0x00000000a303ff28,0x00000000aa100000)
 Metaspace       used 56819K, capacity 58950K, committed 59028K, reserved 1099776K
  class space    used 7819K, capacity 8416K, committed 8448K, reserved 1048576K
}
Event: 34.243 GC heap before
{Heap before GC invocations=15 (full 3):
 PSYoungGen      total 204288K, used 183808K [0x00000000e0000000, 0x00000000f2280000, 0x0000000100000000)
  eden space 183808K, 100% used [0x00000000e0000000,0x00000000eb380000,0x00000000eb380000)
  from space 20480K, 0% used [0x00000000eb380000,0x00000000eb380000,0x00000000ec780000)
  to   space 28160K, 0% used [0x00000000f0700000,0x00000000f0700000,0x00000000f2280000)
 ParOldGen       total 164864K, used 49407K [0x00000000a0000000, 0x00000000aa100000, 0x00000000e0000000)
  object space 164864K, 29% used [0x00000000a0000000,0x00000000a303ff28,0x00000000aa100000)
 Metaspace       used 62747K, capacity 65366K, committed 65536K, reserved 1105920K
  class space    used 8431K, capacity 9125K, committed 9216K, reserved 1048576K
Event: 34.265 GC heap after
Heap after GC invocations=15 (full 3):
 PSYoungGen      total 232960K, used 12445K [0x00000000e0000000, 0x00000000f1380000, 0x0000000100000000)
  eden space 220160K, 0% used [0x00000000e0000000,0x00000000e0000000,0x00000000ed700000)
  from space 12800K, 97% used [0x00000000f0700000,0x00000000f1327620,0x00000000f1380000)
  to   space 26624K, 0% used [0x00000000edf80000,0x00000000edf80000,0x00000000ef980000)
 ParOldGen       total 164864K, used 49415K [0x00000000a0000000, 0x00000000aa100000, 0x00000000e0000000)
  object space 164864K, 29% used [0x00000000a0000000,0x00000000a3041f28,0x00000000aa100000)
 Metaspace       used 62747K, capacity 65366K, committed 65536K, reserved 1105920K
  class space    used 8431K, capacity 9125K, committed 9216K, reserved 1048576K
}
Event: 292.491 GC heap before
{Heap before GC invocations=16 (full 3):
 PSYoungGen      total 232960K, used 232605K [0x00000000e0000000, 0x00000000f1380000, 0x0000000100000000)
  eden space 220160K, 100% used [0x00000000e0000000,0x00000000ed700000,0x00000000ed700000)
  from space 12800K, 97% used [0x00000000f0700000,0x00000000f1327620,0x00000000f1380000)
  to   space 26624K, 0% used [0x00000000edf80000,0x00000000edf80000,0x00000000ef980000)
 ParOldGen       total 164864K, used 49415K [0x00000000a0000000, 0x00000000aa100000, 0x00000000e0000000)
  object space 164864K, 29% used [0x00000000a0000000,0x00000000a3041f28,0x00000000aa100000)
 Metaspace       used 65821K, capacity 69012K, committed 69248K, reserved 1110016K
  class space    used 8762K, capacity 9554K, committed 9600K, reserved 1048576K
Event: 292.531 GC heap after
Heap after GC invocations=16 (full 3):
 PSYoungGen      total 255488K, used 14595K [0x00000000e0000000, 0x00000000f2d00000, 0x0000000100000000)
  eden space 228864K, 0% used [0x00000000e0000000,0x00000000e0000000,0x00000000edf80000)
  from space 26624K, 54% used [0x00000000edf80000,0x00000000eedc0c68,0x00000000ef980000)
  to   space 26112K, 0% used [0x00000000f1380000,0x00000000f1380000,0x00000000f2d00000)
 ParOldGen       total 164864K, used 49423K [0x00000000a0000000, 0x00000000aa100000, 0x00000000e0000000)
  object space 164864K, 29% used [0x00000000a0000000,0x00000000a3043f28,0x00000000aa100000)
 Metaspace       used 65821K, capacity 69012K, committed 69248K, reserved 1110016K
  class space    used 8762K, capacity 9554K, committed 9600K, reserved 1048576K
}
Event: 319.343 GC heap before
{Heap before GC invocations=17 (full 3):
 PSYoungGen      total 255488K, used 243345K [0x00000000e0000000, 0x00000000f2d00000, 0x0000000100000000)
  eden space 228864K, 99% used [0x00000000e0000000,0x00000000edf638b0,0x00000000edf80000)
  from space 26624K, 54% used [0x00000000edf80000,0x00000000eedc0c68,0x00000000ef980000)
  to   space 26112K, 0% used [0x00000000f1380000,0x00000000f1380000,0x00000000f2d00000)
 ParOldGen       total 164864K, used 49423K [0x00000000a0000000, 0x00000000aa100000, 0x00000000e0000000)
  object space 164864K, 29% used [0x00000000a0000000,0x00000000a3043f28,0x00000000aa100000)
 Metaspace       used 72704K, capacity 76064K, committed 76160K, reserved 1116160K
  class space    used 9498K, capacity 10328K, committed 10368K, reserved 1048576K
Event: 319.388 GC heap after
Heap after GC invocations=17 (full 3):
 PSYoungGen      total 280576K, used 20666K [0x00000000e0000000, 0x00000000f3400000, 0x0000000100000000)
  eden space 254464K, 0% used [0x00000000e0000000,0x00000000e0000000,0x00000000ef880000)
  from space 26112K, 79% used [0x00000000f1380000,0x00000000f27aeb50,0x00000000f2d00000)
  to   space 27648K, 0% used [0x00000000ef880000,0x00000000ef880000,0x00000000f1380000)
 ParOldGen       total 164864K, used 49447K [0x00000000a0000000, 0x00000000aa100000, 0x00000000e0000000)
  object space 164864K, 29% used [0x00000000a0000000,0x00000000a3049f28,0x00000000aa100000)
 Metaspace       used 72704K, capacity 76064K, committed 76160K, reserved 1116160K
  class space    used 9498K, capacity 10328K, committed 10368K, reserved 1048576K
}
Event: 338.091 GC heap before
{Heap before GC invocations=18 (full 3):
 PSYoungGen      total 280576K, used 275130K [0x00000000e0000000, 0x00000000f3400000, 0x0000000100000000)
  eden space 254464K, 100% used [0x00000000e0000000,0x00000000ef880000,0x00000000ef880000)
  from space 26112K, 79% used [0x00000000f1380000,0x00000000f27aeb50,0x00000000f2d00000)
  to   space 27648K, 0% used [0x00000000ef880000,0x00000000ef880000,0x00000000f1380000)
 ParOldGen       total 164864K, used 49447K [0x00000000a0000000, 0x00000000aa100000, 0x00000000e0000000)
  object space 164864K, 29% used [0x00000000a0000000,0x00000000a3049f28,0x00000000aa100000)
 Metaspace       used 81170K, capacity 85548K, committed 85632K, reserved 1124352K
  class space    used 10589K, capacity 11602K, committed 11648K, reserved 1048576K
Event: 338.330 GC heap after
Heap after GC invocations=18 (full 3):
 PSYoungGen      total 282112K, used 27622K [0x00000000e0000000, 0x00000000f6680000, 0x0000000100000000)
  eden space 254464K, 0% used [0x00000000e0000000,0x00000000e0000000,0x00000000ef880000)
  from space 27648K, 99% used [0x00000000ef880000,0x00000000f1379918,0x00000000f1380000)
  to   space 36864K, 0% used [0x00000000f4280000,0x00000000f4280000,0x00000000f6680000)
 ParOldGen       total 164864K, used 64636K [0x00000000a0000000, 0x00000000aa100000, 0x00000000e0000000)
  object space 164864K, 39% used [0x00000000a0000000,0x00000000a3f1f2a8,0x00000000aa100000)
 Metaspace       used 81170K, capacity 85548K, committed 85632K, reserved 1124352K
  class space    used 10589K, capacity 11602K, committed 11648K, reserved 1048576K
}

